* using log directory ‘/home/runner/work/novaRush/novaRush/novaRush.Rcheck’
* using R version 4.3.3 (2024-02-29)
* using platform: x86_64-pc-linux-gnu (64-bit)
* R was compiled by
    gcc (Ubuntu 13.2.0-23ubuntu3) 13.2.0
    GNU Fortran (Ubuntu 13.2.0-23ubuntu3) 13.2.0
* running under: Ubuntu 24.04.3 LTS
* using session charset: UTF-8
* using option ‘--as-cran’
* checking for file ‘novaRush/DESCRIPTION’ ... OK
* checking extension type ... Package
* this is package ‘novaRush’ version ‘0.1.0’
* package encoding: UTF-8
* checking CRAN incoming feasibility ... NOTE
Maintainer: ‘The package maintainer <yourself@somewhere.net>’

DESCRIPTION fields with placeholder content:
  Title: what the package does (title case)
  Author: Who wrote it
  Maintainer: The package maintainer <yourself@somewhere.net>
  Description: more about what it does (maybe more than one line) use
    four spaces when indenting paragraphs within the description.
* checking package namespace information ... OK
* checking package dependencies ... ERROR
Packages required but not available: 'tidyr', 'dplyr', 'magrittr', 'purrr'

Namespace dependencies missing from DESCRIPTION Imports/Depends entries:
  'flureeCrypto', 'httr', 'jsonlite', 'keyring'

See section ‘The DESCRIPTION file’ in the ‘Writing R Extensions’
manual.
* DONE
Status: 1 ERROR, 1 NOTE
